c:\users\nessi\desktop\prog 2023\c++\terrain generator\terrain generator\x64\debug\vc143.pdb
c:\users\nessi\desktop\prog 2023\c++\terrain generator\terrain generator\x64\debug\vc143.idb
c:\users\nessi\desktop\prog 2023\c++\terrain generator\terrain generator\x64\debug\main.obj
c:\users\nessi\desktop\prog 2023\c++\terrain generator\terrain generator\x64\debug\imgui_widgets.obj
c:\users\nessi\desktop\prog 2023\c++\terrain generator\terrain generator\x64\debug\imgui_tables.obj
c:\users\nessi\desktop\prog 2023\c++\terrain generator\terrain generator\x64\debug\imgui_impl_win32.obj
c:\users\nessi\desktop\prog 2023\c++\terrain generator\terrain generator\x64\debug\imgui_impl_opengl3.obj
c:\users\nessi\desktop\prog 2023\c++\terrain generator\terrain generator\x64\debug\imgui_impl_glfw.obj
c:\users\nessi\desktop\prog 2023\c++\terrain generator\terrain generator\x64\debug\imgui_draw.obj
c:\users\nessi\desktop\prog 2023\c++\terrain generator\terrain generator\x64\debug\imgui_demo.obj
c:\users\nessi\desktop\prog 2023\c++\terrain generator\terrain generator\x64\debug\imgui.obj
c:\users\nessi\desktop\prog 2023\c++\terrain generator\terrain generator\x64\debug\terrain generator.ilk
c:\users\nessi\desktop\prog 2023\c++\terrain generator\terrain generator\x64\debug\terrain generator.exe
c:\users\nessi\desktop\prog 2023\c++\terrain generator\terrain generator\x64\debug\terrain generator.pdb
c:\users\nessi\desktop\prog 2023\c++\terrain generator\terrain generator\x64\debug\terrain .3d951266.tlog\cl.command.1.tlog
c:\users\nessi\desktop\prog 2023\c++\terrain generator\terrain generator\x64\debug\terrain .3d951266.tlog\cl.read.1.tlog
c:\users\nessi\desktop\prog 2023\c++\terrain generator\terrain generator\x64\debug\terrain .3d951266.tlog\cl.write.1.tlog
c:\users\nessi\desktop\prog 2023\c++\terrain generator\terrain generator\x64\debug\terrain .3d951266.tlog\link.command.1.tlog
c:\users\nessi\desktop\prog 2023\c++\terrain generator\terrain generator\x64\debug\terrain .3d951266.tlog\link.read.1.tlog
c:\users\nessi\desktop\prog 2023\c++\terrain generator\terrain generator\x64\debug\terrain .3d951266.tlog\link.write.1.tlog
