c:\users\nessi\desktop\önlab\marching cubes\terrain generator\marching cubes\x64\debug\vc143.pdb
c:\users\nessi\desktop\önlab\marching cubes\terrain generator\marching cubes\x64\debug\vc143.idb
c:\users\nessi\desktop\önlab\marching cubes\terrain generator\marching cubes\x64\debug\main.obj
c:\users\nessi\desktop\önlab\marching cubes\terrain generator\marching cubes\x64\debug\imgui_widgets.obj
c:\users\nessi\desktop\önlab\marching cubes\terrain generator\marching cubes\x64\debug\imgui_tables.obj
c:\users\nessi\desktop\önlab\marching cubes\terrain generator\marching cubes\x64\debug\imgui_impl_win32.obj
c:\users\nessi\desktop\önlab\marching cubes\terrain generator\marching cubes\x64\debug\imgui_impl_opengl3.obj
c:\users\nessi\desktop\önlab\marching cubes\terrain generator\marching cubes\x64\debug\imgui_impl_glfw.obj
c:\users\nessi\desktop\önlab\marching cubes\terrain generator\marching cubes\x64\debug\imgui_draw.obj
c:\users\nessi\desktop\önlab\marching cubes\terrain generator\marching cubes\x64\debug\imgui_demo.obj
c:\users\nessi\desktop\önlab\marching cubes\terrain generator\marching cubes\x64\debug\imgui.obj
c:\users\nessi\desktop\önlab\marching cubes\terrain generator\x64\debug\marching cubes.exe
c:\users\nessi\desktop\önlab\marching cubes\terrain generator\x64\debug\marching cubes.pdb
c:\users\nessi\desktop\önlab\marching cubes\terrain generator\marching cubes\x64\debug\marching cubes.ilk
c:\users\nessi\desktop\önlab\marching cubes\terrain generator\marching cubes\x64\debug\marching cubes.tlog\cl.command.1.tlog
c:\users\nessi\desktop\önlab\marching cubes\terrain generator\marching cubes\x64\debug\marching cubes.tlog\cl.items.tlog
c:\users\nessi\desktop\önlab\marching cubes\terrain generator\marching cubes\x64\debug\marching cubes.tlog\cl.read.1.tlog
c:\users\nessi\desktop\önlab\marching cubes\terrain generator\marching cubes\x64\debug\marching cubes.tlog\cl.write.1.tlog
c:\users\nessi\desktop\önlab\marching cubes\terrain generator\marching cubes\x64\debug\marching cubes.tlog\link.command.1.tlog
c:\users\nessi\desktop\önlab\marching cubes\terrain generator\marching cubes\x64\debug\marching cubes.tlog\link.read.1.tlog
c:\users\nessi\desktop\önlab\marching cubes\terrain generator\marching cubes\x64\debug\marching cubes.tlog\link.secondary.1.tlog
c:\users\nessi\desktop\önlab\marching cubes\terrain generator\marching cubes\x64\debug\marching cubes.tlog\link.write.1.tlog
